Log file open, 12/12/17 01:06:04
LogWindows: Failed to load 'aqProf.dll' (GetLastError=126)
LogWindows: File 'aqProf.dll' does not exist
LogWindows: Failed to load 'VSPerf140.dll' (GetLastError=126)
LogWindows: File 'VSPerf140.dll' does not exist
LogWindows: Failed to load 'VtuneApi.dll' (GetLastError=126)
LogWindows: File 'VtuneApi.dll' does not exist
LogWindows: Failed to load 'VtuneApi32e.dll' (GetLastError=126)
LogWindows: File 'VtuneApi32e.dll' does not exist
LogInit: Display: Running engine for game: brat2Level1
LogPlatformFile: Not using cached read wrapper
LogInit: Display: RandInit(-1291239347) SRandInit(-1291239347).
LogInit: Read version file with build ID '3709383'
LogInit: Overriding engine version to CL 3754814, compatible CL 3709383
LogInit: Registered custom module enumerator with build ID '3709383'
LogTaskGraph: Started task graph with 5 named threads and 14 total threads with 3 sets of task threads.
LogStats: Stats thread started at 0.178098
LogD3D11RHI: Aftermath initialized
LogModuleManager: Display: Found up-to-date module file ../../../Engine/Plugins/2D/Paper2D/Binaries/Win64/UE4Editor-Paper2D.dll (API version 3709383).
LogModuleManager: Display: Found up-to-date module file ../../../Engine/Plugins/2D/Paper2D/Binaries/Win64/UE4Editor-Paper2DEditor.dll (API version 3709383).
LogModuleManager: Display: Found up-to-date module file ../../../Engine/Plugins/2D/Paper2D/Binaries/Win64/UE4Editor-PaperSpriteSheetImporter.dll (API version 3709383).
LogModuleManager: Display: Found up-to-date module file ../../../Engine/Plugins/2D/Paper2D/Binaries/Win64/UE4Editor-PaperTiledImporter.dll (API version 3709383).
LogModuleManager: Display: Found up-to-date module file ../../../Engine/Plugins/2D/Paper2D/Binaries/Win64/UE4Editor-SmartSnapping.dll (API version 3709383).
LogModuleManager: Display: Found up-to-date module file ../../../Engine/Plugins/Blendables/LightPropagationVolume/Binaries/Win64/UE4Editor-LightPropagationVolumeRuntime.dll (API version 3709383).
LogModuleManager: Display: Found up-to-date module file ../../../Engine/Plugins/Blendables/LightPropagationVolume/Binaries/Win64/UE4Editor-LightPropagationVolumeEditor.dll (API version 3709383).
LogModuleManager: Display: Found up-to-date module file ../../../Engine/Plugins/Developer/GitSourceControl/Binaries/Win64/UE4Editor-GitSourceControl.dll (API version 3709383).
LogModuleManager: Display: Found up-to-date module file ../../../Engine/Plugins/Developer/PerforceSourceControl/Binaries/Win64/UE4Editor-PerforceSourceControl.dll (API version 3709383).
LogModuleManager: Display: Found up-to-date module file ../../../Engine/Plugins/Developer/SubversionSourceControl/Binaries/Win64/UE4Editor-SubversionSourceControl.dll (API version 3709383).
LogModuleManager: Display: Found up-to-date module file ../../../Engine/Plugins/Developer/UObjectPlugin/Binaries/Win64/UE4Editor-UObjectPlugin.dll (API version 3709383).
LogModuleManager: Display: Found up-to-date module file ../../../Engine/Plugins/Developer/VisualStudioCodeSourceCodeAccess/Binaries/Win64/UE4Editor-VisualStudioCodeSourceCodeAccess.dll (API version 3709383).
LogModuleManager: Display: Found up-to-date module file ../../../Engine/Plugins/Developer/VisualStudioSourceCodeAccess/Binaries/Win64/UE4Editor-VisualStudioSourceCodeAccess.dll (API version 3709383).
LogModuleManager: Display: Found up-to-date module file ../../../Engine/Plugins/Editor/AssetManagerEditor/Binaries/Win64/UE4Editor-AssetManagerEditor.dll (API version 3709383).
LogModuleManager: Display: Found up-to-date module file ../../../Engine/Plugins/Editor/AudioCapture/Binaries/Win64/UE4Editor-AudioCapture.dll (API version 3709383).
LogModuleManager: Display: Found up-to-date module file ../../../Engine/Plugins/Editor/FacialAnimation/Binaries/Win64/UE4Editor-FacialAnimation.dll (API version 3709383).
LogModuleManager: Display: Found up-to-date module file ../../../Engine/Plugins/Editor/FacialAnimation/Binaries/Win64/UE4Editor-FacialAnimationEditor.dll (API version 3709383).
LogModuleManager: Display: Found up-to-date module file ../../../Engine/Plugins/Editor/GameplayTagsEditor/Binaries/Win64/UE4Editor-GameplayTagsEditor.dll (API version 3709383).
LogModuleManager: Display: Found up-to-date module file ../../../Engine/Plugins/Editor/MobileLauncherProfileWizard/Binaries/Win64/UE4Editor-MobileLauncherProfileWizard.dll (API version 3709383).
LogModuleManager: Display: Found up-to-date module file ../../../Engine/Plugins/Editor/PluginBrowser/Binaries/Win64/UE4Editor-PluginBrowser.dll (API version 3709383).
LogModuleManager: Display: Found up-to-date module file ../../../Engine/Plugins/Editor/SpeedTreeImporter/Binaries/Win64/UE4Editor-SpeedTreeImporter.dll (API version 3709383).
LogModuleManager: Display: Found up-to-date module file ../../../Engine/Plugins/Experimental/AlembicImporter/Binaries/Win64/UE4Editor-AlembicImporter.dll (API version 3709383).
LogModuleManager: Display: Found up-to-date module file ../../../Engine/Plugins/Experimental/AlembicImporter/Binaries/Win64/UE4Editor-AlembicLibrary.dll (API version 3709383).
LogModuleManager: Display: Found up-to-date module file ../../../Engine/Plugins/Experimental/CharacterAI/Binaries/Win64/UE4Editor-CharacterAI.dll (API version 3709383).
LogModuleManager: Display: Found up-to-date module file ../../../Engine/Plugins/Experimental/HTML5Networking/Binaries/Win64/UE4Editor-HTML5Networking.dll (API version 3709383).
LogModuleManager: Display: Found up-to-date module file ../../../Engine/Plugins/Media/AndroidMedia/Binaries/Win64/UE4Editor-AndroidMediaEditor.dll (API version 3709383).
LogModuleManager: Display: Found up-to-date module file ../../../Engine/Plugins/Media/AndroidMedia/Binaries/Win64/UE4Editor-AndroidMediaFactory.dll (API version 3709383).
LogModuleManager: Display: Found up-to-date module file ../../../Engine/Plugins/Media/AvfMedia/Binaries/Win64/UE4Editor-AvfMediaEditor.dll (API version 3709383).
LogModuleManager: Display: Found up-to-date module file ../../../Engine/Plugins/Media/AvfMedia/Binaries/Win64/UE4Editor-AvfMediaFactory.dll (API version 3709383).
LogModuleManager: Display: Found up-to-date module file ../../../Engine/Plugins/Media/AvfMedia/Binaries/Win64/UE4Editor-AvfMediaFactory.dll (API version 3709383).
LogModuleManager: Display: Found up-to-date module file ../../../Engine/Plugins/Media/ImgMedia/Binaries/Win64/UE4Editor-ImgMedia.dll (API version 3709383).
LogModuleManager: Display: Found up-to-date module file ../../../Engine/Plugins/Media/ImgMedia/Binaries/Win64/UE4Editor-ImgMediaEditor.dll (API version 3709383).
LogModuleManager: Display: Found up-to-date module file ../../../Engine/Plugins/Media/ImgMedia/Binaries/Win64/UE4Editor-ImgMediaFactory.dll (API version 3709383).
LogModuleManager: Display: Found up-to-date module file ../../../Engine/Plugins/Media/ImgMedia/Binaries/Win64/UE4Editor-ImgMediaFactory.dll (API version 3709383).
LogModuleManager: Display: Found up-to-date module file ../../../Engine/Plugins/Media/ImgMedia/Binaries/Win64/UE4Editor-OpenExrWrapper.dll (API version 3709383).
LogModuleManager: Display: Found up-to-date module file ../../../Engine/Plugins/Media/MediaCompositing/Binaries/Win64/UE4Editor-MediaCompositing.dll (API version 3709383).
LogModuleManager: Display: Found up-to-date module file ../../../Engine/Plugins/Media/MediaCompositing/Binaries/Win64/UE4Editor-MediaCompositingEditor.dll (API version 3709383).
LogModuleManager: Display: Found up-to-date module file ../../../Engine/Plugins/Media/MediaPlayerEditor/Binaries/Win64/UE4Editor-MediaPlayerEditor.dll (API version 3709383).
LogModuleManager: Display: Found up-to-date module file ../../../Engine/Plugins/Media/WmfMedia/Binaries/Win64/UE4Editor-WmfMedia.dll (API version 3709383).
LogModuleManager: Display: Found up-to-date module file ../../../Engine/Plugins/Media/WmfMedia/Binaries/Win64/UE4Editor-WmfMediaEditor.dll (API version 3709383).
LogModuleManager: Display: Found up-to-date module file ../../../Engine/Plugins/Media/WmfMedia/Binaries/Win64/UE4Editor-WmfMediaFactory.dll (API version 3709383).
LogModuleManager: Display: Found up-to-date module file ../../../Engine/Plugins/Media/WmfMedia/Binaries/Win64/UE4Editor-WmfMediaFactory.dll (API version 3709383).
LogModuleManager: Display: Found up-to-date module file ../../../Engine/Plugins/Messaging/TcpMessaging/Binaries/Win64/UE4Editor-TcpMessaging.dll (API version 3709383).
LogModuleManager: Display: Found up-to-date module file ../../../Engine/Plugins/Messaging/UdpMessaging/Binaries/Win64/UE4Editor-UdpMessaging.dll (API version 3709383).
LogModuleManager: Display: Found up-to-date module file ../../../Engine/Plugins/MovieScene/ActorSequence/Binaries/Win64/UE4Editor-ActorSequence.dll (API version 3709383).
LogModuleManager: Display: Found up-to-date module file ../../../Engine/Plugins/MovieScene/LevelSequenceEditor/Binaries/Win64/UE4Editor-LevelSequenceEditor.dll (API version 3709383).
LogModuleManager: Display: Found up-to-date module file ../../../Engine/Plugins/MovieScene/MatineeToLevelSequence/Binaries/Win64/UE4Editor-MatineeToLevelSequence.dll (API version 3709383).
LogModuleManager: Display: Found up-to-date module file ../../../Engine/Plugins/Online/OnlineSubsystem/Binaries/Win64/UE4Editor-OnlineSubsystem.dll (API version 3709383).
LogModuleManager: Display: Found up-to-date module file ../../../Engine/Plugins/Runtime/AndroidPermission/Binaries/Win64/UE4Editor-AndroidPermission.dll (API version 3709383).
LogModuleManager: Display: Found up-to-date module file ../../../Engine/Plugins/Online/OnlineSubsystemNull/Binaries/Win64/UE4Editor-OnlineSubsystemNull.dll (API version 3709383).
LogModuleManager: Display: Found up-to-date module file ../../../Engine/Plugins/Online/OnlineSubsystemUtils/Binaries/Win64/UE4Editor-OnlineSubsystemUtils.dll (API version 3709383).
LogModuleManager: Display: Found up-to-date module file ../../../Engine/Plugins/Online/OnlineSubsystemUtils/Binaries/Win64/UE4Editor-OnlineBlueprintSupport.dll (API version 3709383).
LogModuleManager: Display: Found up-to-date module file ../../../Engine/Plugins/Runtime/AndroidDeviceProfileSelector/Binaries/Win64/UE4Editor-AndroidDeviceProfileSelector.dll (API version 3709383).
LogModuleManager: Display: Found up-to-date module file ../../../Engine/Plugins/Runtime/AppleARKit/Binaries/Win64/UE4Editor-AppleARKit.dll (API version 3709383).
LogModuleManager: Display: Found up-to-date module file ../../../Engine/Plugins/Runtime/ArchVisCharacter/Binaries/Win64/UE4Editor-ArchVisCharacter.dll (API version 3709383).
LogModuleManager: Display: Found up-to-date module file ../../../Engine/Plugins/Runtime/CableComponent/Binaries/Win64/UE4Editor-CableComponent.dll (API version 3709383).
LogModuleManager: Display: Found up-to-date module file ../../../Engine/Plugins/Runtime/CustomMeshComponent/Binaries/Win64/UE4Editor-CustomMeshComponent.dll (API version 3709383).
LogModuleManager: Display: Found up-to-date module file ../../../Engine/Plugins/Runtime/ExampleDeviceProfileSelector/Binaries/Win64/UE4Editor-ExampleDeviceProfileSelector.dll (API version 3709383).
LogModuleManager: Display: Found up-to-date module file ../../../Engine/Plugins/Runtime/ImmediatePhysics/Binaries/Win64/UE4Editor-ImmediatePhysics.dll (API version 3709383).
LogModuleManager: Display: Found up-to-date module file ../../../Engine/Plugins/Runtime/ImmediatePhysics/Binaries/Win64/UE4Editor-ImmediatePhysicsEditor.dll (API version 3709383).
LogModuleManager: Display: Found up-to-date module file ../../../Engine/Plugins/Runtime/LocationServicesBPLibrary/Binaries/Win64/UE4Editor-LocationServicesBPLibrary.dll (API version 3709383).
LogModuleManager: Display: Found up-to-date module file ../../../Engine/Plugins/Runtime/MobilePatchingUtils/Binaries/Win64/UE4Editor-MobilePatchingUtils.dll (API version 3709383).
LogModuleManager: Display: Found up-to-date module file ../../../Engine/Plugins/Runtime/Oculus/OculusVR/Binaries/Win64/UE4Editor-OculusHMD.dll (API version 3709383).
LogModuleManager: Display: Found up-to-date module file ../../../Engine/Plugins/Runtime/Oculus/OculusVR/Binaries/Win64/UE4Editor-OculusInput.dll (API version 3709383).
LogModuleManager: Display: Found up-to-date module file ../../../Engine/Plugins/Runtime/Oculus/OculusVR/Binaries/Win64/UE4Editor-OculusEditor.dll (API version 3709383).
LogModuleManager: Display: Found up-to-date module file ../../../Engine/Plugins/Runtime/PhysXVehicles/Binaries/Win64/UE4Editor-PhysXVehicles.dll (API version 3709383).
LogModuleManager: Display: Found up-to-date module file ../../../Engine/Plugins/Runtime/PhysXVehicles/Binaries/Win64/UE4Editor-PhysXVehiclesEditor.dll (API version 3709383).
LogModuleManager: Display: Found up-to-date module file ../../../Engine/Plugins/Runtime/ProceduralMeshComponent/Binaries/Win64/UE4Editor-ProceduralMeshComponent.dll (API version 3709383).
LogModuleManager: Display: Found up-to-date module file ../../../Engine/Plugins/Runtime/ProceduralMeshComponent/Binaries/Win64/UE4Editor-ProceduralMeshComponentEditor.dll (API version 3709383).
LogModuleManager: Display: Found up-to-date module file ../../../Engine/Plugins/Runtime/RuntimePhysXCooking/Binaries/Win64/UE4Editor-RuntimePhysXCooking.dll (API version 3709383).
LogModuleManager: Display: Found up-to-date module file ../../../Engine/Plugins/Runtime/Steam/SteamVR/Binaries/Win64/UE4Editor-SteamVR.dll (API version 3709383).
LogModuleManager: Display: Found up-to-date module file ../../../Engine/Plugins/Runtime/Steam/SteamVR/Binaries/Win64/UE4Editor-SteamVRController.dll (API version 3709383).
LogModuleManager: Display: Found up-to-date module file ../../../Engine/Plugins/Runtime/WindowsMoviePlayer/Binaries/Win64/UE4Editor-WindowsMoviePlayer.dll (API version 3709383).
LogPluginManager: Mounting plugin Paper2D
LogPluginManager: Mounting plugin LightPropagationVolume
LogPluginManager: Mounting plugin CodeLiteSourceCodeAccess
LogPluginManager: Mounting plugin GitSourceControl
LogPluginManager: Mounting plugin KDevelopSourceCodeAccess
LogPluginManager: Mounting plugin NullSourceCodeAccess
LogPluginManager: Mounting plugin PerforceSourceControl
LogPluginManager: Mounting plugin SubversionSourceControl
LogPluginManager: Mounting plugin UObjectPlugin
LogPluginManager: Mounting plugin VisualStudioCodeSourceCodeAccess
LogPluginManager: Mounting plugin VisualStudioSourceCodeAccess
LogPluginManager: Mounting plugin XCodeSourceCodeAccess
LogPluginManager: Mounting plugin AssetManagerEditor
LogPluginManager: Mounting plugin AudioCapture
LogPluginManager: Mounting plugin FacialAnimation
LogPluginManager: Mounting plugin GameplayTagsEditor
LogPluginManager: Mounting plugin MobileLauncherProfileWizard
LogPluginManager: Mounting plugin PluginBrowser
LogPluginManager: Mounting plugin SpeedTreeImporter
LogPluginManager: Mounting plugin AlembicImporter
LogPluginManager: Mounting plugin CharacterAI
LogPluginManager: Mounting plugin HTML5Networking
LogPluginManager: Mounting plugin AndroidMedia
LogPluginManager: Mounting plugin AvfMedia
LogPluginManager: Mounting plugin ImgMedia
LogPluginManager: Mounting plugin MediaCompositing
LogPluginManager: Mounting plugin MediaPlayerEditor
LogPluginManager: Mounting plugin WmfMedia
LogPluginManager: Mounting plugin TcpMessaging
LogPluginManager: Mounting plugin UdpMessaging
LogPluginManager: Mounting plugin ActorSequence
LogPluginManager: Mounting plugin LevelSequenceEditor
LogPluginManager: Mounting plugin MatineeToLevelSequence
LogPluginManager: Mounting plugin OnlineSubsystemGooglePlay
LogPluginManager: Mounting plugin OnlineSubsystemIOS
LogPluginManager: Mounting plugin OnlineSubsystem
LogPluginManager: Mounting plugin OnlineSubsystemNull
LogPluginManager: Mounting plugin OnlineSubsystemUtils
LogPluginManager: Mounting plugin AndroidDeviceProfileSelector
LogPluginManager: Mounting plugin AndroidMoviePlayer
LogPluginManager: Mounting plugin AndroidPermission
LogPluginManager: Mounting plugin AppleARKit
LogPluginManager: Mounting plugin AppleMoviePlayer
LogPluginManager: Mounting plugin ArchVisCharacter
LogPluginManager: Mounting plugin CableComponent
LogPluginManager: Mounting plugin CustomMeshComponent
LogPluginManager: Mounting plugin ExampleDeviceProfileSelector
LogPluginManager: Mounting plugin GoogleCloudMessaging
LogPluginManager: Mounting plugin ImmediatePhysics
LogPluginManager: Mounting plugin IOSDeviceProfileSelector
LogPluginManager: Mounting plugin LinuxDeviceProfileSelector
LogPluginManager: Mounting plugin LocationServicesBPLibrary
LogPluginManager: Mounting plugin MobilePatchingUtils
LogPluginManager: Mounting plugin OculusVR
LogPluginManager: Plugin shader directory ../../../Engine/Plugins/Runtime/Oculus/OculusVR/Shaders found
LogPluginManager: Mapping shader source directory ../../../Engine/Plugins/Runtime/Oculus/OculusVR/Shaders to virtual directory /Plugin/OculusVR
LogPluginManager: Mounting plugin PhysXVehicles
LogPluginManager: Mounting plugin ProceduralMeshComponent
LogPluginManager: Mounting plugin RuntimePhysXCooking
LogPluginManager: Mounting plugin SteamVR
LogPluginManager: Mounting plugin WindowsMoviePlayer
LogInit: Using libcurl 7.47.1
LogInit:  - built for x86_64-pc-win32
LogInit:  - supports SSL with OpenSSL/1.0.2g
LogInit:  - supports HTTP deflate (compression) using libz 1.2.8
LogInit:  - other features:
LogInit:      CURL_VERSION_SSL
LogInit:      CURL_VERSION_LIBZ
LogInit:      CURL_VERSION_IPV6
LogInit:      CURL_VERSION_ASYNCHDNS
LogInit:      CURL_VERSION_LARGEFILE
LogInit:      CURL_VERSION_IDN
LogInit:  CurlRequestOptions (configurable via config and command line):
LogInit:  - bVerifyPeer = false  - Libcurl will NOT verify peer certificate
LogInit:  - bUseHttpProxy = false  - Libcurl will NOT use HTTP proxy
LogInit:  - bDontReuseConnections = false  - Libcurl will reuse connections
LogInit:  - CertBundlePath = nullptr  - Libcurl will use whatever was configured at build time.
LogInit: Build: ++UE4+Release-4.18-CL-3754814
LogInit: Engine Version: 4.18.1-3754814+++UE4+Release-4.18
LogInit: Compatible Engine Version: 4.18.0-3709383+++UE4+Release-4.18
LogInit: Net CL: 3709383
LogDevObjectVersion: Number of dev versions registered: 16
LogDevObjectVersion:   Dev-Blueprints (B0D832E4-1F89-4F0D-ACCF-7EB736FD4AA2): 10
LogDevObjectVersion:   Dev-Build (E1C64328-A22C-4D53-A36C-8E866417BD8C): 0
LogDevObjectVersion:   Dev-Core (375EC13C-06E4-48FB-B500-84F0262A717E): 2
LogDevObjectVersion:   Dev-Editor (E4B068ED-F494-42E9-A231-DA0B2E46BB41): 20
LogDevObjectVersion:   Dev-Framework (CFFC743F-43B0-4480-9391-14DF171D2073): 30
LogDevObjectVersion:   Dev-Mobile (B02B49B5-BB20-44E9-A304-32B752E40360): 0
LogDevObjectVersion:   Dev-Networking (A4E4105C-59A1-49B5-A7C5-40C4547EDFEE): 0
LogDevObjectVersion:   Dev-Online (39C831C9-5AE6-47DC-9A44-9C173E1C8E7C): 0
LogDevObjectVersion:   Dev-Physics (78F01B33-EBEA-4F98-B9B4-84EACCB95AA2): 0
LogDevObjectVersion:   Dev-Platform (6631380F-2D4D-43E0-8009-CF276956A95A): 0
LogDevObjectVersion:   Dev-Rendering (12F88B9F-8875-4AFC-A67C-D90C383ABD29): 20
LogDevObjectVersion:   Dev-Sequencer (7B5AE74C-D270-4C10-A958-57980B212A5A): 4
LogDevObjectVersion:   Dev-VR (D7296918-1DD6-4BDD-9DE2-64A83CC13884): 0
LogDevObjectVersion:   Dev-LoadTimes (C2A15278-BFE7-4AFE-6C17-90FF531DF755): 1
LogDevObjectVersion:   Private-Geometry (6EACA3D4-40EC-4CC1-B786-8BED09428FC5): 1
LogDevObjectVersion:   Dev-AnimPhys (29E575DD-E0A3-4627-9D10-D276232CDCEA): 12
LogInit: Compiled (64-bit): Nov 14 2017 02:05:55
LogInit: Compiled with Visual C++: 19.00.24215.01
LogInit: Build Configuration: Development
LogInit: Branch Name: ++UE4+Release-4.18
LogInit: Command line: -EpicPortal 
LogInit: Base directory: C:/Program Files/Epic Games/UE_4.18/Engine/Binaries/Win64/
LogInit: Installed Engine Build: 1
LogInit: Presizing for max 8388607 objects, including 0 objects not considered by GC, pre-allocating 0 bytes for permanent pool.
LogInit: Object subsystem initialized
[2017.12.12-07.06.06:135][  0]LogInit: Selected Device Profile: [Windows]
[2017.12.12-07.06.06:135][  0]LogInit: Applying CVar settings loaded from the selected device profile: [Windows]
[2017.12.12-07.06.06:147][  0]LogInit: Computer: DESKTOP-ROEGA92
[2017.12.12-07.06.06:147][  0]LogInit: User: debor
[2017.12.12-07.06.06:147][  0]LogInit: CPU Page size=4096, Cores=4
[2017.12.12-07.06.06:147][  0]LogInit: High frequency timer resolution =2.742184 MHz
[2017.12.12-07.06.06:148][  0]LogMemory: Memory total: Physical=15.9GB (16GB approx)
[2017.12.12-07.06.06:148][  0]LogMemory: Platform Memory Stats for Windows
[2017.12.12-07.06.06:148][  0]LogMemory: Process Physical Memory: 274.21 MB used, 274.21 MB peak
[2017.12.12-07.06.06:148][  0]LogMemory: Process Virtual Memory: 269.89 MB used, 269.89 MB peak
[2017.12.12-07.06.06:148][  0]LogMemory: Physical Memory: 7419.63 MB used,  8816.32 MB free, 16235.94 MB total
[2017.12.12-07.06.06:148][  0]LogMemory: Virtual Memory: 682.68 MB used,  8816.32 MB free, 134217728.00 MB total
[2017.12.12-07.06.06:654][  0]LogInit: Using OS detected language (en-US).
[2017.12.12-07.06.06:654][  0]LogInit: Using OS detected locale (en-US).
[2017.12.12-07.06.06:658][  0]LogTextLocalizationManager: No specific localization for 'en-US' exists, so the 'en' localization will be used.
[2017.12.12-07.06.07:114][  0]LogInit: Setting process to per monitor DPI aware
[2017.12.12-07.06.07:442][  0]LogD3D11RHI: D3D11 adapters:
[2017.12.12-07.06.07:503][  0]LogD3D11RHI:    0. 'NVIDIA GeForce GTX 1050' (Feature Level 11_0)
[2017.12.12-07.06.07:503][  0]LogD3D11RHI:       4031/0/8117 MB DedicatedVideo/DedicatedSystem/SharedSystem, Outputs:1, VendorId:0x10de
[2017.12.12-07.06.07:512][  0]LogD3D11RHI:    1. 'Intel(R) HD Graphics 630' (Feature Level 11_0)
[2017.12.12-07.06.07:512][  0]LogD3D11RHI:       128/0/8117 MB DedicatedVideo/DedicatedSystem/SharedSystem, Outputs:0, VendorId:0x8086
[2017.12.12-07.06.07:514][  0]LogD3D11RHI:    2. 'Microsoft Basic Render Driver' (Feature Level 11_0)
[2017.12.12-07.06.07:514][  0]LogD3D11RHI:       0/0/8117 MB DedicatedVideo/DedicatedSystem/SharedSystem, Outputs:0, VendorId:0x1414
[2017.12.12-07.06.07:514][  0]LogD3D11RHI: Chosen D3D11 Adapter: 0
[2017.12.12-07.06.07:522][  0]LogD3D11RHI: Creating new Direct3DDevice
[2017.12.12-07.06.07:522][  0]LogD3D11RHI:     GPU DeviceId: 0x1c8d (for the marketing name, search the web for "GPU Device Id")
[2017.12.12-07.06.07:522][  0]LogWindows: EnumDisplayDevices:
[2017.12.12-07.06.07:522][  0]LogWindows:    0. 'Intel(R) HD Graphics 630' (P:1 D:1)
[2017.12.12-07.06.07:522][  0]LogWindows:    1. 'Intel(R) HD Graphics 630' (P:0 D:0)
[2017.12.12-07.06.07:522][  0]LogWindows:    2. 'Intel(R) HD Graphics 630' (P:0 D:0)
[2017.12.12-07.06.07:522][  0]LogWindows: DebugString: GetVideoDriverDetailsInvalid PrimaryIsNotTheChoosenAdapter GetVideoDriverDetailsInvalid PrimaryIsNotTheChoosenAdapter GetVideoDriverDetailsInvalid PrimaryIsNotTheChoosenAdapter FoundDriverCount:0 
[2017.12.12-07.06.07:522][  0]LogD3D11RHI:     Adapter Name: NVIDIA GeForce GTX 1050
[2017.12.12-07.06.07:522][  0]LogD3D11RHI:   Driver Version: Unknown (internal:Unknown, unified:Unknown)
[2017.12.12-07.06.07:522][  0]LogD3D11RHI:      Driver Date: Unknown
[2017.12.12-07.06.07:522][  0]LogRHI: Texture pool is 2821 MB (70% of 4031 MB)
[2017.12.12-07.06.07:555][  0]LogD3D11RHI: Async texture creation enabled
[2017.12.12-07.06.07:569][  0]LogD3D11RHI: GPU Timing Frequency: 1000.000000 (Debug: 2 1)
[2017.12.12-07.06.07:571][  0]LogShaderCompilers: Guid format shader working directory is -31 characters bigger than the processId version (../../../../../../Users/debor/OneDrive/Documents/Unreal Projects/brat2Level1/Intermediate/Shaders/WorkingDirectory/24004/).
[2017.12.12-07.06.07:571][  0]LogShaderCompilers: Cleaned the shader compiler working directory 'C:/Users/debor/AppData/Local/Temp/UnrealShaderWorkingDir/3D027AE64F6E77B5E344C2A64347CF78/'.
[2017.12.12-07.06.07:571][  0]LogShaderCompilers: Display: Using Local Shader Compiler.
[2017.12.12-07.06.08:771][  0]LogTemp: Display: Loaded TP AllDesktopTargetPlatform
[2017.12.12-07.06.08:860][  0]LogTemp: Display: Loaded TP MacClientTargetPlatform
[2017.12.12-07.06.08:949][  0]LogTemp: Display: Loaded TP MacNoEditorTargetPlatform
[2017.12.12-07.06.09:044][  0]LogTemp: Display: Loaded TP MacServerTargetPlatform
[2017.12.12-07.06.09:148][  0]LogTemp: Display: Loaded TP MacTargetPlatform
[2017.12.12-07.06.09:241][  0]LogTemp: Display: Loaded TP WindowsClientTargetPlatform
[2017.12.12-07.06.09:331][  0]LogTemp: Display: Loaded TP WindowsNoEditorTargetPlatform
[2017.12.12-07.06.09:422][  0]LogTemp: Display: Loaded TP WindowsServerTargetPlatform
[2017.12.12-07.06.09:508][  0]LogTemp: Display: Loaded TP WindowsTargetPlatform
[2017.12.12-07.06.09:599][  0]LogTemp: Display: Loaded TP Android_ASTCTargetPlatform
[2017.12.12-07.06.09:688][  0]LogTemp: Display: Loaded TP Android_ATCTargetPlatform
[2017.12.12-07.06.09:776][  0]LogTemp: Display: Loaded TP Android_DXTTargetPlatform
[2017.12.12-07.06.09:865][  0]LogTemp: Display: Loaded TP Android_ETC1TargetPlatform
[2017.12.12-07.06.09:957][  0]LogTemp: Display: Loaded TP Android_ETC2TargetPlatform
[2017.12.12-07.06.10:140][  0]LogTemp: Display: Loaded TP Android_MultiTargetPlatform
[2017.12.12-07.06.10:140][  0]LogTemp: Display: Loaded TP Android_PVRTCTargetPlatform
[2017.12.12-07.06.10:230][  0]LogTemp: Display: Loaded TP AndroidTargetPlatform
[2017.12.12-07.06.10:309][  0]LogTemp: Display: Loaded TP HTML5TargetPlatform
[2017.12.12-07.06.10:457][  0]LogTemp: Display: Loaded TP IOSTargetPlatform
[2017.12.12-07.06.10:505][  0]LogTemp: Display: Loaded TP TVOSTargetPlatform
[2017.12.12-07.06.10:598][  0]LogTemp: Display: Loaded TP LinuxClientTargetPlatform
[2017.12.12-07.06.10:686][  0]LogTemp: Display: Loaded TP LinuxNoEditorTargetPlatform
[2017.12.12-07.06.10:778][  0]LogTemp: Display: Loaded TP LinuxServerTargetPlatform
[2017.12.12-07.06.10:880][  0]LogTemp: Display: Loaded TP LinuxTargetPlatform
[2017.12.12-07.06.10:880][  0]LogTargetPlatformManager: Display: Building Assets For Windows
[2017.12.12-07.06.12:123][  0]LogDerivedDataCache: Display: Max Cache Size: 512 MB
[2017.12.12-07.06.12:200][  0]LogDerivedDataCache: Loaded boot cache 0.08s 78MB C:/Users/debor/AppData/Local/UnrealEngine/4.18/DerivedDataCache/Boot.ddc.
[2017.12.12-07.06.12:200][  0]LogDerivedDataCache: Display: Loaded Boot cache: C:/Users/debor/AppData/Local/UnrealEngine/4.18/DerivedDataCache/Boot.ddc
[2017.12.12-07.06.12:200][  0]LogDerivedDataCache: FDerivedDataBackendGraph:  Pak pak cache file ../../../../../../Users/debor/OneDrive/Documents/Unreal Projects/brat2Level1/DerivedDataCache/DDC.ddp not found, will not use a pak cache.
[2017.12.12-07.06.12:200][  0]LogDerivedDataCache: Unable to find inner node Pak for hierarchical cache Hierarchy.
[2017.12.12-07.06.12:200][  0]LogDerivedDataCache: FDerivedDataBackendGraph:  CompressedPak pak cache file ../../../../../../Users/debor/OneDrive/Documents/Unreal Projects/brat2Level1/DerivedDataCache/Compressed.ddp not found, will not use a pak cache.
[2017.12.12-07.06.12:200][  0]LogDerivedDataCache: Unable to find inner node CompressedPak for hierarchical cache Hierarchy.
[2017.12.12-07.06.12:216][  0]LogDerivedDataCache: Display: Pak cache opened for reading ../../../Engine/DerivedDataCache/Compressed.ddp.
[2017.12.12-07.06.12:229][  0]LogDerivedDataCache: Using Local data cache path C:/Users/debor/AppData/Local/UnrealEngine/Common/DerivedDataCache: Writable
[2017.12.12-07.06.12:241][  0]LogMaterial: Verifying Global Shaders for PCD3D_SM5
[2017.12.12-07.06.12:242][  0]LogSlate: Using Freetype 2.6.0
[2017.12.12-07.06.12:243][  0]LogSlate: SlateFontCache - WITH_FREETYPE: 1, WITH_HARFBUZZ: 1
[2017.12.12-07.06.12:243][  0]LogSlate: SlateFontCache - WITH_FREETYPE: 1, WITH_HARFBUZZ: 1
[2017.12.12-07.06.12:689][  0]LogInit: Selected Device Profile: [Windows]
[2017.12.12-07.06.13:275][  0]LogSimplygon: Simplygon DLL not present - disabling.
[2017.12.12-07.06.13:358][  0]LogMeshReduction: Using SimplygonSwarm for distributed automatic mesh merging
[2017.12.12-07.06.13:358][  0]LogMeshReduction: Using QuadricMeshReduction for automatic static mesh reduction
[2017.12.12-07.06.13:358][  0]LogMeshReduction: No automatic skeletal mesh reduction module available
[2017.12.12-07.06.13:358][  0]LogMeshReduction: No automatic mesh merging module available
[2017.12.12-07.06.13:358][  0]LogMeshMerging: No automatic mesh merging module available
[2017.12.12-07.06.13:393][  0]LogNetVersion: brat2Level1 , NetCL: 3709383, EngineNetVer: 2, GameNetVer: 0 (Checksum: 4051478409)
[2017.12.12-07.06.13:628][  0]LogAssetRegistry: FAssetRegistry took 0.0261 seconds to start up
[2017.12.12-07.06.14:310][  0]LogPackageLocalizationCache: Processed 7 localized package path(s) for 2 prioritized culture(s) in 0.083412 seconds
[2017.12.12-07.06.14:316][  0]LogUObjectArray: 35900 objects as part of root set at end of initial load.
[2017.12.12-07.06.14:316][  0]LogUObjectAllocator: 7372024 out of 0 bytes used by permanent object pool.
[2017.12.12-07.06.14:316][  0]LogUObjectArray: CloseDisregardForGC: 0/0 objects in disregard for GC pool
[2017.12.12-07.06.14:418][  0]LogInit: WinSock: version 1.1 (2.2), MaxSocks=32767, MaxUdp=65467
[2017.12.12-07.06.18:828][  0]LogTcpMessaging: Initializing TcpMessaging bridge
[2017.12.12-07.06.18:899][  0]LogUdpMessaging: Initializing bridge on interface 0.0.0.0:0 to multicast group 230.0.0.1:6666.
[2017.12.12-07.06.20:313][  0]LogMaterial: Uniform references updated for custom material expression Custom.
[2017.12.12-07.06.21:068][  0]SourceControl: Source control is disabled
[2017.12.12-07.06.21:068][  0]SourceControl: Source control is disabled
[2017.12.12-07.06.21:181][  0]SourceControl: Source control is disabled
[2017.12.12-07.06.21:295][  0]SourceControl: Source control is disabled
[2017.12.12-07.06.22:863][  0]LogAndroidPermission: UAndroidPermissionCallbackProxy::GetInstance
[2017.12.12-07.06.23:439][  0]LogOcInput: OculusInput pre-init called
[2017.12.12-07.06.24:062][  0]LogEngine: Initializing Engine...
[2017.12.12-07.06.24:065][  0]LogHMD: Failed to initialize OpenVR with code 110
[2017.12.12-07.06.24:307][  0]LogStats: UGameplayTagsManager::ConstructGameplayTagTree: Construct from data asset -  0.000 s
[2017.12.12-07.06.24:307][  0]LogStats: UGameplayTagsManager::ConstructGameplayTagTree: GameplayTagTreeChangedEvent.Broadcast -  0.000 s
[2017.12.12-07.06.24:546][  0]LogAIModule: Creating AISystem for world Untitled
[2017.12.12-07.06.24:557][  0]LogInit: XAudio2 using 'Speakers / Headphones (Realtek Audio)' : 2 channels at 48 kHz using 32 bits per sample (channel mask 0x3)
[2017.12.12-07.06.24:571][  0]LogInit: FAudioDevice initialized.
[2017.12.12-07.06.24:639][  0]LogDerivedDataCache: Saved boot cache 0.07s 78MB C:/Users/debor/AppData/Local/UnrealEngine/4.18/DerivedDataCache/Boot.ddc.
[2017.12.12-07.06.24:650][  0]LogInit: Texture streaming: Enabled
[2017.12.12-07.06.24:854][  0]LogEngineSessionManager: EngineSessionManager initialized
[2017.12.12-07.06.25:110][  0]LogInit: Transaction tracking system initialized
[2017.12.12-07.06.25:764][  0]BlueprintLog: New page: Editor Load
[2017.12.12-07.06.27:470][  0]LocalizationService: Localization service is disabled
[2017.12.12-07.06.28:919][  0]LogConsoleResponse: Display: 
[2017.12.12-07.06.29:150][  0]LogCook: Display: Max memory allowance for cook 16384mb min free memory 0mb
[2017.12.12-07.06.29:151][  0]LogCook: Display: Mobile HDR setting 1
[2017.12.12-07.06.29:151][  0]LogGameplayTags: Display: UGameplayTagsManager::DoneAddingNativeTags. DelegateIsBound: 0
[2017.12.12-07.06.30:109][  0]LogFileCache: Scanning file cache for directory 'C:/Users/debor/OneDrive/Documents/Unreal Projects/brat2Level1/Content/' took 0.02s
[2017.12.12-07.06.31:382][  0]SourceControl: Source control is disabled
[2017.12.12-07.06.31:459][  0]LogWindowsTextInputMethodSystem: Display: IME system now deactivated.
[2017.12.12-07.06.31:502][  0]LogSlate: Took 0.000288 seconds to synchronously load lazily loaded font '../../../Engine/Content/Slate/Fonts/Roboto-Regular.ttf' (155K)
[2017.12.12-07.06.35:260][  0]LogWindowsTextInputMethodSystem: Display: IME system now deactivated.
[2017.12.12-07.06.35:263][  0]LogWindowsTextInputMethodSystem: Display: IME system now deactivated.
[2017.12.12-07.06.40:006][  0]LogWindowsTextInputMethodSystem: Display: IME system now deactivated.
[2017.12.12-07.06.40:009][  0]LogWindowsTextInputMethodSystem: Display: IME system now deactivated.
[2017.12.12-07.06.40:041][  0]Cmd: MAP LOAD FILE="../../../../../../Users/debor/OneDrive/Documents/Unreal Projects/brat2Level1/Content/StarterContent/Maps/Minimal_Default.umap" TEMPLATE=0 SHOWPROGRESS=1 FEATURELEVEL=3
[2017.12.12-07.06.40:043][  0]LightingResults: New page: Lighting Build
[2017.12.12-07.06.40:136][  0]MapCheck: New page: Map Check
[2017.12.12-07.06.40:136][  0]LightingResults: New page: Lighting Build
[2017.12.12-07.06.40:599][  0]LogAIModule: Creating AISystem for world Minimal_Default
[2017.12.12-07.06.40:612][  0]LogEditorServer: Finished looking for orphan Actors (0.000 secs)
[2017.12.12-07.06.40:627][  0]Cmd: MAP CHECKDEP NOCLEARLOG
[2017.12.12-07.06.40:702][  0]MapCheck: Map check complete: 0 Error(s), 0 Warning(s), took 75.573ms to complete.
[2017.12.12-07.06.40:702][  0]LogFileHelpers: Loading map 'Minimal_Default' took 0.661
[2017.12.12-07.06.40:834][  0]LogStats: Warning: MetaData mismatch. Did you assign a stat to two groups? New //STATGROUP_Threads//SplashScreenThread///Thread_59ac_0///####STATCAT_Advanced#### old //STATGROUP_Threads//SplashScreenThread///Thread_39a4_0///####STATCAT_Advanced####
[2017.12.12-07.06.40:835][  0]LogCollectionManager: Loaded 0 collections in 0.001449 seconds
[2017.12.12-07.06.41:022][  0]LogFileCache: Scanning file cache for directory 'C:/Users/debor/OneDrive/Documents/Unreal Projects/brat2Level1/Saved/Collections/' took 0.01s
[2017.12.12-07.06.41:022][  0]LogFileCache: Scanning file cache for directory 'C:/Users/debor/OneDrive/Documents/Unreal Projects/brat2Level1/Content/Developers/debor/Collections/' took 0.01s
[2017.12.12-07.06.41:022][  0]LogFileCache: Scanning file cache for directory 'C:/Users/debor/OneDrive/Documents/Unreal Projects/brat2Level1/Content/Collections/' took 0.01s
[2017.12.12-07.06.41:022][  0]LogCollectionManager: Rebuilt the GUID cache for 0 collections in 0.000001 seconds
[2017.12.12-07.06.41:032][  0]LogContentBrowser: Native class hierarchy populated in 0.0082 seconds. Added 2363 classes and 519 folders.
[2017.12.12-07.06.41:179][  0]LogContentBrowser: Native class hierarchy updated for 'WidgetCarousel' in 0.0002 seconds. Added 0 classes and 0 folders.
[2017.12.12-07.06.41:317][  0]LogContentBrowser: Native class hierarchy updated for 'AddContentDialog' in 0.0003 seconds. Added 0 classes and 0 folders.
[2017.12.12-07.06.41:396][  0]LogContentBrowser: Native class hierarchy updated for 'SceneOutliner' in 0.0003 seconds. Added 1 classes and 2 folders.
[2017.12.12-07.06.41:535][  0]LogSlate: Took 0.000186 seconds to synchronously load lazily loaded font '../../../Engine/Content/Slate/Fonts/Roboto-Bold.ttf' (160K)
[2017.12.12-07.06.41:543][  0]LogSlate: Took 0.001509 seconds to synchronously load lazily loaded font '../../../Engine/Content/Editor/Slate/Fonts/FontAwesome.ttf' (139K)
[2017.12.12-07.06.41:675][  0]LogRenderer: Reallocating scene render targets to support 900x440 Format 10 NumSamples 1 (Frame:1).
[2017.12.12-07.06.41:880][  0]LogContentBrowser: Native class hierarchy updated for 'HierarchicalLODOutliner' in 0.0002 seconds. Added 1 classes and 2 folders.
[2017.12.12-07.06.41:880][  0]LogLoad: (Engine Initialization) Total time: 38.91 seconds
[2017.12.12-07.06.41:880][  0]LogLoad: (Engine Initialization) Total Blueprint compile time: 0.00 seconds
[2017.12.12-07.06.41:880][  0]LogExternalProfiler: No external profilers were discovered.  External profiling features will not be available.
[2017.12.12-07.06.41:917][  0]LogContentStreaming: Texture pool size now 1000 MB
[2017.12.12-07.06.41:939][  0]LogSlate: Took 0.001856 seconds to synchronously load lazily loaded font '../../../Engine/Content/Slate/Fonts/Roboto-Light.ttf' (159K)
[2017.12.12-07.06.41:954][  1]LogAssetRegistry: Asset discovery search completed in 28.3465 seconds
[2017.12.12-07.06.41:956][  1]LogCollectionManager: Rebuilt the object cache for 0 collections in 0.000001 seconds (found 0 objects)
[2017.12.12-07.06.41:956][  1]LogCollectionManager: Fixed up redirectors for 0 collections in 0.000056 seconds (updated 0 objects)
[2017.12.12-07.06.45:852][221]Cmd: MAP LOAD FILE="../../../../../../Users/debor/OneDrive/Documents/Unreal Projects/brat2Level1/Content/level2.umap" TEMPLATE=0 SHOWPROGRESS=1 FEATURELEVEL=3
[2017.12.12-07.06.45:858][221]LogSlate: Took 0.000361 seconds to synchronously load lazily loaded font '../../../Engine/Content/Slate/Fonts/Roboto-Light.ttf' (159K)
[2017.12.12-07.06.45:868][221]LightingResults: New page: Lighting Build
[2017.12.12-07.06.45:869][221]LoadErrors: New page: Loading map: level2.umap
[2017.12.12-07.06.45:870][221]MapCheck: New page: Map Check
[2017.12.12-07.06.45:870][221]LightingResults: New page: Lighting Build
[2017.12.12-07.06.48:571][221]LogSlate: Took 0.000323 seconds to synchronously load lazily loaded font '../../../Engine/Content/Slate/Fonts/Roboto-Regular.ttf' (155K)
[2017.12.12-07.06.50:401][221]LogAIModule: Creating AISystem for world level2
[2017.12.12-07.06.50:762][221]LogEditorServer: Finished looking for orphan Actors (0.000 secs)
[2017.12.12-07.06.50:797][221]Cmd: MAP CHECKDEP NOCLEARLOG
[2017.12.12-07.06.50:874][221]MapCheck: Map check complete: 0 Error(s), 0 Warning(s), took 77.529ms to complete.
[2017.12.12-07.06.50:874][221]LogFileHelpers: Loading map 'level2' took 5.023
[2017.12.12-07.08.38:442][310]LogEditorViewport: Clicking on Actor (context menu): Brush (Curved Stair Brush109)
[2017.12.12-07.10.17:183][241]Cmd: DUPLICATE
[2017.12.12-07.10.17:183][241]Cmd: ACTOR DUPLICATE
[2017.12.12-07.10.34:222][553]LogEditorViewport: Clicking on Actor (context menu): BP_Sky_Sphere_C (Sky Sphere)
[2017.12.12-07.10.39:347][844]LogEditorViewport: Clicking on Actor (LMB): BP_Sky_Sphere_C (Sky Sphere)
[2017.12.12-07.10.58:301][251]LogEditorViewport: Clicking on Actor (LMB): BP_Sky_Sphere_C (Sky Sphere)
[2017.12.12-07.11.58:142][830]LogEditorViewport: Clicking on Actor (LMB): BP_Sky_Sphere_C (Sky Sphere)
[2017.12.12-07.11.58:881][872]LogEditorViewport: Clicking on Actor (LMB): BP_Sky_Sphere_C (Sky Sphere)
[2017.12.12-07.12.03:181][123]LogEditorViewport: Clicking on Actor (LMB): Brush (Cylinder Brush2)
[2017.12.12-07.13.53:088][846]LogEditorViewport: Clicking on Actor (context menu): BP_Sky_Sphere_C (Sky Sphere)
[2017.12.12-07.13.58:599][160]Cmd: TRANSACTION UNDO
[2017.12.12-07.13.58:599][160]LogEditorTransaction: Undo Clicking on Actors (context menu)
[2017.12.12-07.13.58:629][160]LogSlate: Took 0.001279 seconds to synchronously load lazily loaded font '../../../Engine/Content/Slate/Fonts/Roboto-Light.ttf' (159K)
[2017.12.12-07.14.01:123][308]Cmd: TRANSACTION UNDO
[2017.12.12-07.14.01:123][308]LogEditorTransaction: Undo Clicking on Actors
[2017.12.12-07.14.03:135][427]Cmd: TRANSACTION UNDO
[2017.12.12-07.14.03:135][427]LogEditorTransaction: Undo Clicking on Actors
[2017.12.12-07.14.04:912][532]Cmd: TRANSACTION UNDO
[2017.12.12-07.14.04:912][532]LogEditorTransaction: Undo Clicking on Actors
[2017.12.12-07.14.07:374][678]Cmd: TRANSACTION UNDO
[2017.12.12-07.14.07:374][678]LogEditorTransaction: Undo Clicking on Actors (context menu)
[2017.12.12-07.14.09:200][786]Cmd: TRANSACTION UNDO
[2017.12.12-07.14.09:200][786]LogEditorTransaction: Undo Clicking on Actors (context menu)
[2017.12.12-07.14.15:714][174]Cmd: TRANSACTION UNDO
[2017.12.12-07.14.15:715][174]LogEditorTransaction: Undo Select Brush Surface
[2017.12.12-07.14.15:967][174]LogWindows: Windows GetLastError: The operation completed successfully. (0)
[2017.12.12-07.14.17:151][174]LogWindows: Error: === Critical error: ===
[2017.12.12-07.14.17:151][174]LogWindows: Error: 
[2017.12.12-07.14.17:151][174]LogWindows: Error: Assertion failed: (Index >= 0) & (Index < ArrayNum) [File:D:\Build\++UE4+Release-4.18+Compile\Sync\Engine\Source\Runtime\Core\Public\Containers/Array.h] [Line: 610] 
[2017.12.12-07.14.17:151][174]LogWindows: Error: Array index out of bounds: 26278 from an array of size 26278
[2017.12.12-07.14.17:151][174]LogWindows: Error: 
[2017.12.12-07.14.17:151][174]LogWindows: Error: 
[2017.12.12-07.14.17:151][174]LogWindows: Error: [Callstack] 0x00000000AFF03FB8 KERNELBASE.dll!UnknownFunction []
[2017.12.12-07.14.17:151][174]LogWindows: Error: [Callstack] 0x0000000099C876D4 UE4Editor-ApplicationCore.dll!UnknownFunction []
[2017.12.12-07.14.17:151][174]LogWindows: Error: [Callstack] 0x0000000092D8330B UE4Editor-Core.dll!UnknownFunction []
[2017.12.12-07.14.17:151][174]LogWindows: Error: [Callstack] 0x0000000092D147F9 UE4Editor-Core.dll!UnknownFunction []
[2017.12.12-07.14.17:151][174]LogWindows: Error: [Callstack] 0x0000000072D088C5 UE4Editor-Engine.dll!UnknownFunction []
[2017.12.12-07.14.17:151][174]LogWindows: Error: [Callstack] 0x00000000730EDC89 UE4Editor-Engine.dll!UnknownFunction []
[2017.12.12-07.14.17:151][174]LogWindows: Error: [Callstack] 0x0000000073A437AB UE4Editor-Engine.dll!UnknownFunction []
[2017.12.12-07.14.17:151][174]LogWindows: Error: [Callstack] 0x00000000713B6FFC UE4Editor-UnrealEd.dll!UnknownFunction []
[2017.12.12-07.14.17:151][174]LogWindows: Error: [Callstack] 0x0000000071C64926 UE4Editor-UnrealEd.dll!UnknownFunction []
[2017.12.12-07.14.17:151][174]LogWindows: Error: [Callstack] 0x000000004DF75A26 UE4Editor.exe!UnknownFunction []
[2017.12.12-07.14.17:151][174]LogWindows: Error: [Callstack] 0x000000004DF85430 UE4Editor.exe!UnknownFunction []
[2017.12.12-07.14.17:151][174]LogWindows: Error: [Callstack] 0x000000004DF854AA UE4Editor.exe!UnknownFunction []
[2017.12.12-07.14.17:152][174]LogWindows: Error: [Callstack] 0x000000004DF92379 UE4Editor.exe!UnknownFunction []
[2017.12.12-07.14.17:152][174]LogWindows: Error: [Callstack] 0x000000004DF93D57 UE4Editor.exe!UnknownFunction []
[2017.12.12-07.14.17:152][174]LogWindows: Error: [Callstack] 0x00000000B0E01FE4 KERNEL32.DLL!UnknownFunction []
[2017.12.12-07.14.17:152][174]LogWindows: Error: [Callstack] 0x00000000B398EF91 ntdll.dll!UnknownFunction []
[2017.12.12-07.14.17:152][174]LogWindows: Error: [Callstack] 0x00000000B398EF91 ntdll.dll!UnknownFunction []
[2017.12.12-07.14.17:152][174]LogWindows: Error: 
[2017.12.12-07.14.17:176][174]LogExit: Executing StaticShutdownAfterError
[2017.12.12-07.14.50:984][174]LogWindows: FPlatformMisc::RequestExit(1)
[2017.12.12-07.14.50:988][174]Log file closed, 12/12/17 01:14:50
